<?xml version="1.0" encoding="UTF-8"?>
<!-- Generated by org.testng.reporters.JUnitXMLReporter -->
<testsuite ignored="0" hostname="EN911466" failures="3" tests="6" name="Surefire test" time="45.705" errors="0" timestamp="2022-03-16T14:09:55 COT">
  <testcase classname="MainTest" name="FailedLogin" time="1.803">
    <failure type="java.lang.AssertionError" message="expected [You have 4 remaining login attempts.] but found [You have 9 remaining login attempts.]">
      <![CDATA[java.lang.AssertionError: expected [You have 4 remaining login attempts.] but found [You have 9 remaining login attempts.]
at MainTest.FailedLogin(MainTest.java:28)
at java.base/java.util.ArrayList.forEach(ArrayList.java:1511)
... Removed 38 stack frames]]>
    </failure>
  </testcase> <!-- FailedLogin -->
  <testcase classname="MainTest" name="SortDatesAscendingOrder" time="2.272">
    <failure type="java.lang.AssertionError" message="Movie is not between the year expected [true] but found [false]">
      <![CDATA[java.lang.AssertionError: Movie is not between the year expected [true] but found [false]
at pages.FilterPage.validateDateMovie(FilterPage.java:79)
at MainTest.SortDatesAscendingOrder(MainTest.java:68)
at java.base/java.util.ArrayList.forEach(ArrayList.java:1511)
... Removed 35 stack frames]]>
    </failure>
  </testcase> <!-- SortDatesAscendingOrder -->
  <testcase classname="MainTest" name="SuccessLogin" time="2.026"/>
  <testcase classname="MainTest" name="SuccessfulSearch" time="1.404"/>
  <testcase classname="MainTest" name="ValidateActingTimeline" time="2.862"/>
  <testcase classname="MainTest" name="VerifyMovieGenreFilter" time="2.461">
    <failure type="org.openqa.selenium.StaleElementReferenceException" message="stale element reference: element is not attached to the page document
  (Session info: chrome=99.0.4844.51)
For documentation on this error, please visit: https://selenium.dev/exceptions/#stale_element_reference
Build info: version: &amp;apos;4.1.2&amp;apos;, revision: &amp;apos;9a5a329c5a&amp;apos;
System info: host: &amp;apos;EN911466&amp;apos;, ip: &amp;apos;192.168.5.102&amp;apos;, os.name: &amp;apos;Windows 10&amp;apos;, os.arch: &amp;apos;amd64&amp;apos;, os.version: &amp;apos;10.0&amp;apos;, java.version: &amp;apos;16.0.2&amp;apos;
Driver info: org.openqa.selenium.chrome.ChromeDriver
Command: [3c34099edaf0d72ef4445096d22c806b, clickElement {id=7e0d6eea-775b-47b3-9750-5105347497ca}]
Capabilities {acceptInsecureCerts: false, browserName: chrome, browserVersion: 99.0.4844.51, chrome: {chromedriverVersion: 99.0.4844.51 (d537ec02474b5..., userDataDir: C:\Users\jpuerto\AppData\Lo...}, goog:chromeOptions: {debuggerAddress: localhost:53895}, javascriptEnabled: true, networkConnectionEnabled: false, pageLoadStrategy: normal, platform: WINDOWS, platformName: WINDOWS, proxy: Proxy(), se:cdp: ws://localhost:53895/devtoo..., se:cdpVersion: 99.0.4844.51, setWindowRect: true, strictFileInteractability: false, timeouts: {implicit: 0, pageLoad: 300000, script: 30000}, unhandledPromptBehavior: dismiss and notify, webauthn:extension:credBlob: true, webauthn:extension:largeBlob: true, webauthn:virtualAuthenticators: true}
Element: [[ChromeDriver: chrome on WINDOWS (3c34099edaf0d72ef4445096d22c806b)] -&amp;gt; css selector: div.style_1]
Session ID: 3c34099edaf0d72ef4445096d22c806b">
      <![CDATA[org.openqa.selenium.StaleElementReferenceException: stale element reference: element is not attached to the page document
  (Session info: chrome=99.0.4844.51)
For documentation on this error, please visit: https://selenium.dev/exceptions/#stale_element_reference
Build info: version: '4.1.2', revision: '9a5a329c5a'
System info: host: 'EN911466', ip: '192.168.5.102', os.name: 'Windows 10', os.arch: 'amd64', os.version: '10.0', java.version: '16.0.2'
Driver info: org.openqa.selenium.chrome.ChromeDriver
Command: [3c34099edaf0d72ef4445096d22c806b, clickElement {id=7e0d6eea-775b-47b3-9750-5105347497ca}]
Capabilities {acceptInsecureCerts: false, browserName: chrome, browserVersion: 99.0.4844.51, chrome: {chromedriverVersion: 99.0.4844.51 (d537ec02474b5..., userDataDir: C:\Users\jpuerto\AppData\Lo...}, goog:chromeOptions: {debuggerAddress: localhost:53895}, javascriptEnabled: true, networkConnectionEnabled: false, pageLoadStrategy: normal, platform: WINDOWS, platformName: WINDOWS, proxy: Proxy(), se:cdp: ws://localhost:53895/devtoo..., se:cdpVersion: 99.0.4844.51, setWindowRect: true, strictFileInteractability: false, timeouts: {implicit: 0, pageLoad: 300000, script: 30000}, unhandledPromptBehavior: dismiss and notify, webauthn:extension:credBlob: true, webauthn:extension:largeBlob: true, webauthn:virtualAuthenticators: true}
Element: [[ChromeDriver: chrome on WINDOWS (3c34099edaf0d72ef4445096d22c806b)] -> css selector: div.style_1]
Session ID: 3c34099edaf0d72ef4445096d22c806b
at org.openqa.selenium.remote.codec.w3c.W3CHttpResponseCodec.createException(W3CHttpResponseCodec.java:200)
at org.openqa.selenium.remote.codec.w3c.W3CHttpResponseCodec.decode(W3CHttpResponseCodec.java:133)
at org.openqa.selenium.remote.codec.w3c.W3CHttpResponseCodec.decode(W3CHttpResponseCodec.java:53)
at org.openqa.selenium.remote.HttpCommandExecutor.execute(HttpCommandExecutor.java:184)
at org.openqa.selenium.remote.service.DriverCommandExecutor.invokeExecute(DriverCommandExecutor.java:167)
at org.openqa.selenium.remote.service.DriverCommandExecutor.execute(DriverCommandExecutor.java:142)
at org.openqa.selenium.remote.RemoteWebDriver.execute(RemoteWebDriver.java:558)
at org.openqa.selenium.remote.RemoteWebElement.execute(RemoteWebElement.java:251)
at org.openqa.selenium.remote.RemoteWebElement.click(RemoteWebElement.java:77)
at pages.FilterPage.clicMoviesItem(FilterPage.java:60)
at MainTest.VerifyMovieGenreFilter(MainTest.java:48)
at java.base/java.util.ArrayList.forEach(ArrayList.java:1511)
... Removed 37 stack frames]]>
    </failure>
  </testcase> <!-- VerifyMovieGenreFilter -->
</testsuite> <!-- Surefire test -->
