<?xml version="1.0" encoding="UTF-8"?>
<!-- Generated by org.testng.reporters.JUnitXMLReporter -->
<testsuite ignored="4" hostname="EN911466" failures="2" tests="2" name="Regression1" time="0.145" errors="0" timestamp="2022-03-16T10:31:24 COT">
  <testcase classname="MainTest" name="FailedLogin" time="0.056">
    <failure type="java.lang.NullPointerException" message="Cannot invoke &amp;quot;org.openqa.selenium.WebDriver.findElement(org.openqa.selenium.By)&amp;quot; because &amp;quot;this.driver&amp;quot; is null">
      <![CDATA[java.lang.NullPointerException: Cannot invoke "org.openqa.selenium.WebDriver.findElement(org.openqa.selenium.By)" because "this.driver" is null
at Pages.BasePage.mapWebElement(BasePage.java:23)
at Pages.MainPage.clickloginMenuButton(MainPage.java:19)
at MainTest.FailedLogin(MainTest.java:23)
at java.base/java.util.ArrayList.forEach(ArrayList.java:1511)
... Removed 31 stack frames]]>
    </failure>
  </testcase> <!-- FailedLogin -->
  <testcase classname="MainTest" name="SuccessLogin" time="0.002">
    <failure type="java.lang.NullPointerException" message="Cannot invoke &amp;quot;org.openqa.selenium.WebDriver.findElement(org.openqa.selenium.By)&amp;quot; because &amp;quot;this.driver&amp;quot; is null">
      <![CDATA[java.lang.NullPointerException: Cannot invoke "org.openqa.selenium.WebDriver.findElement(org.openqa.selenium.By)" because "this.driver" is null
at Pages.BasePage.mapWebElement(BasePage.java:23)
at Pages.MainPage.clickloginMenuButton(MainPage.java:19)
at MainTest.SuccessLogin(MainTest.java:13)
at java.base/java.util.ArrayList.forEach(ArrayList.java:1511)
... Removed 31 stack frames]]>
    </failure>
  </testcase> <!-- SuccessLogin -->
  <testcase classname="MainTest" name="SortDatesAscendingOrder" time="0.0">
    <ignored/>
  </testcase> <!-- SortDatesAscendingOrder -->
  <testcase classname="MainTest" name="VerifyMovieGenreFilter" time="0.0">
    <ignored/>
  </testcase> <!-- VerifyMovieGenreFilter -->
  <testcase classname="MainTest" name="SuccessfulSearch" time="0.0">
    <ignored/>
  </testcase> <!-- SuccessfulSearch -->
  <testcase classname="MainTest" name="ValidateActingTimeline" time="0.0">
    <ignored/>
  </testcase> <!-- ValidateActingTimeline -->
</testsuite> <!-- Regression1 -->
